<?xml version="1.0" encoding="UTF-8"?>
<testsuite name="com.e.shelter.ExampleUnitTest" tests="1" skipped="0" failures="0" errors="0" timestamp="2020-04-06T12:56:35" hostname="Max-PC" time="0.003">
  <properties/>
  <testcase name="defaultTest" classname="com.e.shelter.ExampleUnitTest" time="0.003"/>
  <system-out><![CDATA[The default configuration
]]></system-out>
  <system-err><![CDATA[]]></system-err>
</testsuite>
